<?xml version="1.0" encoding="UTF-8"?>
<!-- Generated by org.testng.reporters.JUnitReportReporter -->
<testsuite hostname="DESKTOP-T2MM1GM" failures="0" tests="1" name="greenKart.AddToCartVeggies" time="10.933" errors="0" timestamp="2024-05-01T22:23:20 IST" skipped="0">
  <testcase classname="greenKart.AddToCartVeggies" name="addVegetables" time="10.933"/>
</testsuite> <!-- greenKart.AddToCartVeggies -->
