<?xml version="1.0" encoding="UTF-8"?>
<!-- Generated by org.testng.reporters.JUnitReportReporter -->
<testsuite hostname="DESKTOP-T2MM1GM" failures="0" tests="1" name="practiceSession2.Selection4" time="13.928" errors="0" timestamp="2024-05-15T21:40:15 IST" skipped="0">
  <testcase classname="practiceSession2.Selection4" name="bookFlight" time="13.928"/>
</testsuite> <!-- practiceSession2.Selection4 -->
