<?xml version="1.0" encoding="UTF-8"?>
<!-- Generated by org.testng.reporters.JUnitReportReporter -->
<testsuite hostname="DESKTOP-T2MM1GM" failures="0" tests="1" name="actionClasses.Spinner" time="4.989" errors="0" timestamp="2024-04-26T17:05:38 IST" skipped="0">
  <testcase classname="actionClasses.Spinner" name="makeSpinner" time="4.989"/>
</testsuite> <!-- actionClasses.Spinner -->
