<?xml version="1.0" encoding="UTF-8"?>
<!-- Generated by org.testng.reporters.JUnitReportReporter -->
<testsuite hostname="DESKTOP-T2MM1GM" failures="0" tests="1" name="practiceSession2.Selection" time="2.087" errors="0" timestamp="2024-04-25T18:57:34 IST" skipped="0">
  <testcase classname="practiceSession2.Selection" name="testSelectOption" time="2.087"/>
</testsuite> <!-- practiceSession2.Selection -->
