<?xml version="1.0" encoding="UTF-8"?>
<!-- Generated by org.testng.reporters.JUnitReportReporter -->
<testsuite hostname="DESKTOP-T2MM1GM" failures="0" tests="1" name="makeMyTripPractice.BookAflight" time="114.947" errors="0" timestamp="2024-05-28T12:23:02 IST" skipped="0">
  <testcase classname="makeMyTripPractice.BookAflight" name="myFlight" time="114.947"/>
</testsuite> <!-- makeMyTripPractice.BookAflight -->
