<?xml version="1.0" encoding="UTF-8"?>
<!-- Generated by org.testng.reporters.JUnitReportReporter -->
<testsuite hostname="DESKTOP-T2MM1GM" failures="0" tests="1" name="actionClasses.DemoWindowHandles" time="6.225" errors="0" timestamp="2024-05-07T10:31:21 IST" skipped="0">
  <testcase classname="actionClasses.DemoWindowHandles" name="dualWindows" time="6.225"/>
</testsuite> <!-- actionClasses.DemoWindowHandles -->
