<?xml version="1.0" encoding="UTF-8"?>
<!-- Generated by org.testng.reporters.JUnitReportReporter -->
<testsuite hostname="DESKTOP-T2MM1GM" failures="0" tests="1" name="automationPracticeSessions.OpenLinks" time="14.067" errors="0" timestamp="2024-05-15T11:26:46 IST" skipped="0">
  <testcase classname="automationPracticeSessions.OpenLinks" name="openlinksInDifferentTabs" time="14.067"/>
</testsuite> <!-- automationPracticeSessions.OpenLinks -->
