<?xml version="1.0" encoding="UTF-8"?>
<!-- Generated by org.testng.reporters.JUnitReportReporter -->
<testsuite hostname="DESKTOP-T2MM1GM" failures="0" tests="1" name="practiceSession2.Selection3" time="9.519" errors="0" timestamp="2024-04-26T22:36:31 IST" skipped="0">
  <testcase classname="practiceSession2.Selection3" name="vistara" time="9.519"/>
</testsuite> <!-- practiceSession2.Selection3 -->
