<?xml version="1.0" encoding="UTF-8"?>
<!-- Generated by org.testng.reporters.JUnitReportReporter -->
<testsuite hostname="DESKTOP-T2MM1GM" failures="0" tests="1" name="practiceSession2.Selection5" time="25.633" errors="0" timestamp="2024-05-22T11:32:34 IST" skipped="0">
  <testcase classname="practiceSession2.Selection5" name="trainBooking" time="25.633"/>
</testsuite> <!-- practiceSession2.Selection5 -->
