<?xml version="1.0" encoding="UTF-8"?>
<!-- Generated by org.testng.reporters.JUnitReportReporter -->
<testsuite hostname="DESKTOP-T2MM1GM" failures="0" tests="1" name="practiceSession2.SumOfTableInteger" time="71.914" errors="0" timestamp="2024-05-23T22:46:48 IST" skipped="0">
  <testcase classname="practiceSession2.SumOfTableInteger" name="summ1" time="71.914"/>
</testsuite> <!-- practiceSession2.SumOfTableInteger -->
