<?xml version="1.0" encoding="UTF-8"?>
<!-- Generated by org.testng.reporters.JUnitReportReporter -->
<testsuite hostname="DESKTOP-T2MM1GM" failures="0" tests="1" name="practiceSession2.PracticeCalender" time="18.942" errors="0" timestamp="2024-05-21T14:05:19 IST" skipped="0">
  <testcase classname="practiceSession2.PracticeCalender" name="easeMyTrips" time="18.942"/>
</testsuite> <!-- practiceSession2.PracticeCalender -->
