<?xml version="1.0" encoding="UTF-8"?>
<!-- Generated by org.testng.reporters.JUnitReportReporter -->
<testsuite hostname="DESKTOP-T2MM1GM" failures="0" tests="1" name="automationPracticeSessions.askoLogin" time="9.098" errors="0" timestamp="2024-04-24T21:39:45 IST" skipped="0">
  <testcase classname="automationPracticeSessions.askoLogin" name="loginInWeb" time="9.098"/>
</testsuite> <!-- automationPracticeSessions.askoLogin -->
